2025-10-04 16:50:08,320 - INFO - Ingesting begin_inventory.csv in db
2025-10-04 16:50:12,883 - INFO - Ingesting end_inventory.csv in db
2025-10-04 16:50:27,476 - INFO - Ingesting purchases.csv in db
2025-10-04 16:51:41,507 - INFO - Ingesting purchase_prices.csv in db
2025-10-04 16:52:22,988 - INFO - Ingesting sales.csv in db
2025-10-04 17:02:06,961 - INFO - Ingesting vendor_invoice.csv in db
2025-10-04 17:02:07,459 - INFO - Ingestion Complete
2025-10-04 17:02:07,459 - INFO - Total Time Taken: 11.99590456088384 minutes
2025-10-04 17:02:35,513 - ERROR - No such comm target registered: jupyter.widget.control
2025-10-04 17:02:35,514 - WARNING - No such comm: dcc263ba-738f-446b-a79c-2951c648cba8
2025-10-04 17:02:35,514 - DEBUG - Current comms: []
2025-10-04 20:13:17,766 - INFO - Creating Vendor Summary Table.....
2025-10-04 20:14:25,710 - INFO - Creating Vendor Summary Table.....
2025-10-04 20:15:14,753 - INFO -    VendorNumber                   VendorName  Brand              Description  \
0          1128  BROWN-FORMAN CORP             1233  Jack Daniels No 7 Black   
1          4425        MARTIGNETTI COMPANIES   3405    Tito's Handmade Vodka   
2         17035  PERNOD RICARD USA             8068         Absolut 80 Proof   
3          3960  DIAGEO NORTH AMERICA INC      4261   Capt Morgan Spiced Rum   
4          3960  DIAGEO NORTH AMERICA INC      3545          Ketel One Vodka   

   PurchasePrice  ActualPrice Volume  TotalPurchaseQuantity  \
0          26.27        36.99   1750                 145080   
1          23.19        28.99   1750                 164038   
2          18.24        24.99   1750                 187407   
3          16.17        22.99   1750                 201682   
4          21.89        29.99   1750                 138109   

   TotalPurchaseDollars  TotalSalesQuantity  TotalSalesDollars  \
0            3811251.60            142049.0       5.101920e+06   
1            3804041.22            160247.0       4.819073e+06   
2            3418303.68            187140.0       4.538121e+06   
3            3261197.94            200412.0       4.475973e+06   
4            3023206.01            135838.0       4.223108e+06   

   TotalSalesPrice  TotalExciseTax  FreightCost  
0        672819.31       260999.20     68601.68  
1        561512.37       294438.66    144929.24  
2        461140.15       343854.07    123780.22  
3        420050.01       368242.80    257032.07  
4        545778.28       249587.83    257032.07  
2025-10-04 20:15:14,760 - INFO - Cleaning Data.....
2025-10-04 20:15:14,777 - INFO -    VendorNumber                VendorName  Brand              Description  \
0          1128         BROWN-FORMAN CORP   1233  Jack Daniels No 7 Black   
1          4425     MARTIGNETTI COMPANIES   3405    Tito's Handmade Vodka   
2         17035         PERNOD RICARD USA   8068         Absolut 80 Proof   
3          3960  DIAGEO NORTH AMERICA INC   4261   Capt Morgan Spiced Rum   
4          3960  DIAGEO NORTH AMERICA INC   3545          Ketel One Vodka   

   PurchasePrice  ActualPrice  Volume  TotalPurchaseQuantity  \
0          26.27        36.99  1750.0                 145080   
1          23.19        28.99  1750.0                 164038   
2          18.24        24.99  1750.0                 187407   
3          16.17        22.99  1750.0                 201682   
4          21.89        29.99  1750.0                 138109   

   TotalPurchaseDollars  TotalSalesQuantity  TotalSalesDollars  \
0            3811251.60            142049.0       5.101920e+06   
1            3804041.22            160247.0       4.819073e+06   
2            3418303.68            187140.0       4.538121e+06   
3            3261197.94            200412.0       4.475973e+06   
4            3023206.01            135838.0       4.223108e+06   

   TotalSalesPrice  TotalExciseTax  FreightCost  
0        672819.31       260999.20     68601.68  
1        561512.37       294438.66    144929.24  
2        461140.15       343854.07    123780.22  
3        420050.01       368242.80    257032.07  
4        545778.28       249587.83    257032.07  
2025-10-04 20:15:14,784 - INFO - Ingesting data.....
2025-10-04 20:15:14,860 - INFO - Completed
2025-10-04 23:22:24,471 - INFO - Creating Vendor Summary Table.....
2025-10-04 23:23:22,362 - INFO -    VendorNumber                   VendorName  Brand              Description  \
0          1128  BROWN-FORMAN CORP             1233  Jack Daniels No 7 Black   
1          4425        MARTIGNETTI COMPANIES   3405    Tito's Handmade Vodka   
2         17035  PERNOD RICARD USA             8068         Absolut 80 Proof   
3          3960  DIAGEO NORTH AMERICA INC      4261   Capt Morgan Spiced Rum   
4          3960  DIAGEO NORTH AMERICA INC      3545          Ketel One Vodka   

   PurchasePrice  ActualPrice Volume  TotalPurchaseQuantity  \
0          26.27        36.99   1750                 145080   
1          23.19        28.99   1750                 164038   
2          18.24        24.99   1750                 187407   
3          16.17        22.99   1750                 201682   
4          21.89        29.99   1750                 138109   

   TotalPurchaseDollars  TotalSalesQuantity  TotalSalesDollars  \
0            3811251.60            142049.0       5.101920e+06   
1            3804041.22            160247.0       4.819073e+06   
2            3418303.68            187140.0       4.538121e+06   
3            3261197.94            200412.0       4.475973e+06   
4            3023206.01            135838.0       4.223108e+06   

   TotalSalesPrice  TotalExciseTax  FreightCost  
0        672819.31       260999.20     68601.68  
1        561512.37       294438.66    144929.24  
2        461140.15       343854.07    123780.22  
3        420050.01       368242.80    257032.07  
4        545778.28       249587.83    257032.07  
2025-10-04 23:23:22,379 - INFO - Cleaning Data.....
2025-10-04 23:30:39,013 - INFO - Creating Vendor Summary Table.....
2025-10-04 23:31:02,827 - INFO - Creating Vendor Summary Table.....
2025-10-04 23:32:02,455 - INFO -    VendorNumber                   VendorName  Brand              Description  \
0          1128  BROWN-FORMAN CORP             1233  Jack Daniels No 7 Black   
1          4425        MARTIGNETTI COMPANIES   3405    Tito's Handmade Vodka   
2         17035  PERNOD RICARD USA             8068         Absolut 80 Proof   
3          3960  DIAGEO NORTH AMERICA INC      4261   Capt Morgan Spiced Rum   
4          3960  DIAGEO NORTH AMERICA INC      3545          Ketel One Vodka   

   PurchasePrice  ActualPrice Volume  TotalPurchaseQuantity  \
0          26.27        36.99   1750                 145080   
1          23.19        28.99   1750                 164038   
2          18.24        24.99   1750                 187407   
3          16.17        22.99   1750                 201682   
4          21.89        29.99   1750                 138109   

   TotalPurchaseDollars  TotalSalesQuantity  TotalSalesDollars  \
0            3811251.60            142049.0       5.101920e+06   
1            3804041.22            160247.0       4.819073e+06   
2            3418303.68            187140.0       4.538121e+06   
3            3261197.94            200412.0       4.475973e+06   
4            3023206.01            135838.0       4.223108e+06   

   TotalSalesPrice  TotalExciseTax  FreightCost  
0        672819.31       260999.20     68601.68  
1        561512.37       294438.66    144929.24  
2        461140.15       343854.07    123780.22  
3        420050.01       368242.80    257032.07  
4        545778.28       249587.83    257032.07  
2025-10-04 23:32:02,467 - INFO - Cleaning Data.....
2025-10-04 23:32:02,494 - INFO -    VendorNumber                VendorName  Brand              Description  \
0          1128         BROWN-FORMAN CORP   1233  Jack Daniels No 7 Black   
1          4425     MARTIGNETTI COMPANIES   3405    Tito's Handmade Vodka   
2         17035         PERNOD RICARD USA   8068         Absolut 80 Proof   
3          3960  DIAGEO NORTH AMERICA INC   4261   Capt Morgan Spiced Rum   
4          3960  DIAGEO NORTH AMERICA INC   3545          Ketel One Vodka   

   PurchasePrice  ActualPrice  Volume  TotalPurchaseQuantity  \
0          26.27        36.99  1750.0                 145080   
1          23.19        28.99  1750.0                 164038   
2          18.24        24.99  1750.0                 187407   
3          16.17        22.99  1750.0                 201682   
4          21.89        29.99  1750.0                 138109   

   TotalPurchaseDollars  TotalSalesQuantity  TotalSalesDollars  \
0            3811251.60            142049.0       5.101920e+06   
1            3804041.22            160247.0       4.819073e+06   
2            3418303.68            187140.0       4.538121e+06   
3            3261197.94            200412.0       4.475973e+06   
4            3023206.01            135838.0       4.223108e+06   

   TotalSalesPrice  TotalExciseTax  FreightCost  GrossProfit  ProfitMargin  \
0        672819.31       260999.20     68601.68   1290667.91   -3811251.60   
1        561512.37       294438.66    144929.24   1015032.27   -3804041.22   
2        461140.15       343854.07    123780.22   1119816.92   -3418303.68   
3        420050.01       368242.80    257032.07   1214774.94   -3261197.94   
4        545778.28       249587.83    257032.07   1199901.61   -3023206.01   

   StockTurnover  SalesPurchaseRatio  
0       0.979108            1.338647  
1       0.976890            1.266830  
2       0.998575            1.327594  
3       0.993703            1.372493  
4       0.983556            1.396897  
2025-10-04 23:32:02,508 - INFO - Ingesting data.....
2025-10-04 23:32:02,622 - INFO - Completed
2025-10-05 00:11:00,636 - ERROR - No such comm target registered: jupyter.widget.control
2025-10-05 00:11:00,638 - WARNING - No such comm: dcc852ac-f13f-400f-80a1-c7a6a628ff27
2025-10-05 00:11:00,638 - DEBUG - Current comms: []
2025-10-05 01:12:26,836 - ERROR - No such comm target registered: jupyter.widget.control
2025-10-05 01:12:26,839 - WARNING - No such comm: 4c8062af-e047-4a4a-907a-a29fa35e6d05
2025-10-05 01:12:26,839 - DEBUG - Current comms: []
2025-10-05 01:12:52,530 - INFO - Creating Vendor Summary Table.....
2025-10-05 01:13:49,741 - INFO -    VendorNumber                   VendorName  Brand              Description  \
0          1128  BROWN-FORMAN CORP             1233  Jack Daniels No 7 Black   
1          4425        MARTIGNETTI COMPANIES   3405    Tito's Handmade Vodka   
2         17035  PERNOD RICARD USA             8068         Absolut 80 Proof   
3          3960  DIAGEO NORTH AMERICA INC      4261   Capt Morgan Spiced Rum   
4          3960  DIAGEO NORTH AMERICA INC      3545          Ketel One Vodka   

   PurchasePrice  ActualPrice Volume  TotalPurchaseQuantity  \
0          26.27        36.99   1750                 145080   
1          23.19        28.99   1750                 164038   
2          18.24        24.99   1750                 187407   
3          16.17        22.99   1750                 201682   
4          21.89        29.99   1750                 138109   

   TotalPurchaseDollars  TotalSalesQuantity  TotalSalesDollars  \
0            3811251.60            142049.0       5.101920e+06   
1            3804041.22            160247.0       4.819073e+06   
2            3418303.68            187140.0       4.538121e+06   
3            3261197.94            200412.0       4.475973e+06   
4            3023206.01            135838.0       4.223108e+06   

   TotalSalesPrice  TotalExciseTax  FreightCost  
0        672819.31       260999.20     68601.68  
1        561512.37       294438.66    144929.24  
2        461140.15       343854.07    123780.22  
3        420050.01       368242.80    257032.07  
4        545778.28       249587.83    257032.07  
2025-10-05 01:13:49,757 - INFO - Cleaning Data.....
2025-10-05 01:13:49,793 - INFO -    VendorNumber                VendorName  Brand              Description  \
0          1128         BROWN-FORMAN CORP   1233  Jack Daniels No 7 Black   
1          4425     MARTIGNETTI COMPANIES   3405    Tito's Handmade Vodka   
2         17035         PERNOD RICARD USA   8068         Absolut 80 Proof   
3          3960  DIAGEO NORTH AMERICA INC   4261   Capt Morgan Spiced Rum   
4          3960  DIAGEO NORTH AMERICA INC   3545          Ketel One Vodka   

   PurchasePrice  ActualPrice  Volume  TotalPurchaseQuantity  \
0          26.27        36.99  1750.0                 145080   
1          23.19        28.99  1750.0                 164038   
2          18.24        24.99  1750.0                 187407   
3          16.17        22.99  1750.0                 201682   
4          21.89        29.99  1750.0                 138109   

   TotalPurchaseDollars  TotalSalesQuantity  TotalSalesDollars  \
0            3811251.60            142049.0       5.101920e+06   
1            3804041.22            160247.0       4.819073e+06   
2            3418303.68            187140.0       4.538121e+06   
3            3261197.94            200412.0       4.475973e+06   
4            3023206.01            135838.0       4.223108e+06   

   TotalSalesPrice  TotalExciseTax  FreightCost  GrossProfit  ProfitMargin  \
0        672819.31       260999.20     68601.68   1290667.91      0.252977   
1        561512.37       294438.66    144929.24   1015032.27      0.210628   
2        461140.15       343854.07    123780.22   1119816.92      0.246758   
3        420050.01       368242.80    257032.07   1214774.94      0.271399   
4        545778.28       249587.83    257032.07   1199901.61      0.284128   

   StockTurnover  SalesPurchaseRatio  
0       0.979108            1.338647  
1       0.976890            1.266830  
2       0.998575            1.327594  
3       0.993703            1.372493  
4       0.983556            1.396897  
2025-10-05 01:13:49,805 - INFO - Ingesting data.....
2025-10-05 01:13:49,936 - INFO - Completed
2025-10-05 01:14:15,677 - INFO - Creating Vendor Summary Table.....
2025-10-05 01:15:14,652 - INFO -    VendorNumber                   VendorName  Brand              Description  \
0          1128  BROWN-FORMAN CORP             1233  Jack Daniels No 7 Black   
1          4425        MARTIGNETTI COMPANIES   3405    Tito's Handmade Vodka   
2         17035  PERNOD RICARD USA             8068         Absolut 80 Proof   
3          3960  DIAGEO NORTH AMERICA INC      4261   Capt Morgan Spiced Rum   
4          3960  DIAGEO NORTH AMERICA INC      3545          Ketel One Vodka   

   PurchasePrice  ActualPrice Volume  TotalPurchaseQuantity  \
0          26.27        36.99   1750                 145080   
1          23.19        28.99   1750                 164038   
2          18.24        24.99   1750                 187407   
3          16.17        22.99   1750                 201682   
4          21.89        29.99   1750                 138109   

   TotalPurchaseDollars  TotalSalesQuantity  TotalSalesDollars  \
0            3811251.60            142049.0       5.101920e+06   
1            3804041.22            160247.0       4.819073e+06   
2            3418303.68            187140.0       4.538121e+06   
3            3261197.94            200412.0       4.475973e+06   
4            3023206.01            135838.0       4.223108e+06   

   TotalSalesPrice  TotalExciseTax  FreightCost  
0        672819.31       260999.20     68601.68  
1        561512.37       294438.66    144929.24  
2        461140.15       343854.07    123780.22  
3        420050.01       368242.80    257032.07  
4        545778.28       249587.83    257032.07  
2025-10-05 01:15:14,660 - INFO - Cleaning Data.....
2025-10-05 01:15:14,681 - INFO -    VendorNumber                VendorName  Brand              Description  \
0          1128         BROWN-FORMAN CORP   1233  Jack Daniels No 7 Black   
1          4425     MARTIGNETTI COMPANIES   3405    Tito's Handmade Vodka   
2         17035         PERNOD RICARD USA   8068         Absolut 80 Proof   
3          3960  DIAGEO NORTH AMERICA INC   4261   Capt Morgan Spiced Rum   
4          3960  DIAGEO NORTH AMERICA INC   3545          Ketel One Vodka   

   PurchasePrice  ActualPrice  Volume  TotalPurchaseQuantity  \
0          26.27        36.99  1750.0                 145080   
1          23.19        28.99  1750.0                 164038   
2          18.24        24.99  1750.0                 187407   
3          16.17        22.99  1750.0                 201682   
4          21.89        29.99  1750.0                 138109   

   TotalPurchaseDollars  TotalSalesQuantity  TotalSalesDollars  \
0            3811251.60            142049.0       5.101920e+06   
1            3804041.22            160247.0       4.819073e+06   
2            3418303.68            187140.0       4.538121e+06   
3            3261197.94            200412.0       4.475973e+06   
4            3023206.01            135838.0       4.223108e+06   

   TotalSalesPrice  TotalExciseTax  FreightCost  GrossProfit  ProfitMargin  \
0        672819.31       260999.20     68601.68   1290667.91     25.297693   
1        561512.37       294438.66    144929.24   1015032.27     21.062810   
2        461140.15       343854.07    123780.22   1119816.92     24.675786   
3        420050.01       368242.80    257032.07   1214774.94     27.139908   
4        545778.28       249587.83    257032.07   1199901.61     28.412764   

   StockTurnover  SalesPurchaseRatio  
0       0.979108            1.338647  
1       0.976890            1.266830  
2       0.998575            1.327594  
3       0.993703            1.372493  
4       0.983556            1.396897  
2025-10-05 01:15:14,697 - INFO - Ingesting data.....
2025-10-05 01:15:15,133 - INFO - Completed
